2018/07/06 12:56:25 INFO  - jmeter.util.JMeterUtils: Setting Locale to zh_CN 
2018/07/06 12:56:25 INFO  - jmeter.JMeter: Loading system properties from: E:\project\apiTest1\target\jmeter\bin\system.properties 
2018/07/06 12:56:25 INFO  - jmeter.JMeter: Copyright (c) 1998-2016 The Apache Software Foundation 
2018/07/06 12:56:25 INFO  - jmeter.JMeter: Version 3.1 r1770033 
2018/07/06 12:56:25 INFO  - jmeter.JMeter: java.version=1.8.0_144 
2018/07/06 12:56:25 INFO  - jmeter.JMeter: java.vm.name=Java HotSpot(TM) Client VM 
2018/07/06 12:56:25 INFO  - jmeter.JMeter: os.name=Windows 7 
2018/07/06 12:56:25 INFO  - jmeter.JMeter: os.arch=x86 
2018/07/06 12:56:25 INFO  - jmeter.JMeter: os.version=6.1 
2018/07/06 12:56:25 INFO  - jmeter.JMeter: file.encoding=GBK 
2018/07/06 12:56:25 INFO  - jmeter.JMeter: Max memory     =518979584 
2018/07/06 12:56:25 INFO  - jmeter.JMeter: Available Processors =8 
2018/07/06 12:56:25 INFO  - jmeter.JMeter: Default Locale=中文 (中国) 
2018/07/06 12:56:25 INFO  - jmeter.JMeter: JMeter  Locale=中文 (中国) 
2018/07/06 12:56:25 INFO  - jmeter.JMeter: JMeterHome=E:\project\apiTest1\target\jmeter 
2018/07/06 12:56:25 INFO  - jmeter.JMeter: user.dir  =E:\project\apiTest1\target\jmeter\bin 
2018/07/06 12:56:25 INFO  - jmeter.JMeter: PWD       =E:\project\apiTest1\target\jmeter\bin 
2018/07/06 12:56:25 INFO  - jmeter.JMeter: IP: 192.168.4.32 Name: MS-20180330SARF FullName: MS-20180330SARF 
2018/07/06 12:56:25 INFO  - jmeter.services.FileServer: Default base='E:\project\apiTest1\target\jmeter\bin' 
2018/07/06 12:56:25 INFO  - jmeter.services.FileServer: Set new base='E:\project\apiTest1\target\jmeter\testFiles\jmx' 
2018/07/06 12:56:25 INFO  - jmeter.save.SaveService: Testplan (JMX) version: 2.2. Testlog (JTL) version: 2.2 
2018/07/06 12:56:25 INFO  - jmeter.save.SaveService: Using SaveService properties file encoding UTF-8 
2018/07/06 12:56:25 INFO  - jmeter.save.SaveService: Using SaveService properties version 3.2 
2018/07/06 12:56:25 WARN  - jmeter.save.SaveService: Bad _version - expected 3.1, found 3.2. 
2018/07/06 12:56:25 INFO  - jmeter.save.SaveService: All converter versions present and correct 
2018/07/06 12:56:25 INFO  - jmeter.save.SaveService: Loading file: E:\project\apiTest1\target\jmeter\testFiles\jmx\修改配载保存.jmx 
2018/07/06 12:56:25 INFO  - jmeter.protocol.http.sampler.HTTPSamplerBase: Parser for text/html is org.apache.jmeter.protocol.http.parser.LagartoBasedHtmlParser 
2018/07/06 12:56:25 INFO  - jmeter.protocol.http.sampler.HTTPSamplerBase: Parser for application/xhtml+xml is org.apache.jmeter.protocol.http.parser.LagartoBasedHtmlParser 
2018/07/06 12:56:25 INFO  - jmeter.protocol.http.sampler.HTTPSamplerBase: Parser for application/xml is org.apache.jmeter.protocol.http.parser.LagartoBasedHtmlParser 
2018/07/06 12:56:25 INFO  - jmeter.protocol.http.sampler.HTTPSamplerBase: Parser for text/xml is org.apache.jmeter.protocol.http.parser.LagartoBasedHtmlParser 
2018/07/06 12:56:25 INFO  - jmeter.protocol.http.sampler.HTTPSamplerBase: Parser for text/vnd.wap.wml is org.apache.jmeter.protocol.http.parser.RegexpHTMLParser 
2018/07/06 12:56:25 INFO  - jmeter.protocol.http.sampler.HTTPSamplerBase: Parser for text/css is org.apache.jmeter.protocol.http.parser.CssParser 
2018/07/06 12:56:25 INFO  - jmeter.JMeter: Creating summariser <summary> 
2018/07/06 12:56:25 INFO  - jmeter.engine.StandardJMeterEngine: Running the test! 
2018/07/06 12:56:25 INFO  - jmeter.samplers.SampleEvent: List of sample_variables: [] 
2018/07/06 12:56:25 INFO  - jmeter.samplers.SampleEvent: List of sample_variables: [] 
2018/07/06 12:56:25 INFO  - jmeter.engine.util.CompoundVariable: Note: Function class names must contain the string: '.functions.' 
2018/07/06 12:56:25 INFO  - jmeter.engine.util.CompoundVariable: Note: Function class names must not contain the string: '.gui.' 
2018/07/06 12:56:26 INFO  - jmeter.reporters.ResultCollector: Folder E:\project\apiTest1\target\jmeter\results\jmx was created 
2018/07/06 12:56:26 INFO  - jmeter.JMeter: 正在运行的测试 (1530852986008) 
2018/07/06 12:56:26 INFO  - jmeter.engine.StandardJMeterEngine: Starting ThreadGroup: 1 : 登录 
2018/07/06 12:56:26 INFO  - jmeter.engine.StandardJMeterEngine: Starting 1 threads for group 登录. 
2018/07/06 12:56:26 INFO  - jmeter.engine.StandardJMeterEngine: Thread will continue on error 
2018/07/06 12:56:26 INFO  - jmeter.threads.ThreadGroup: Starting thread group number 1 threads 1 ramp-up 1 perThread 1000.0 delayedStart=false 
2018/07/06 12:56:26 INFO  - jmeter.threads.ThreadGroup: Started thread group number 1 
2018/07/06 12:56:26 INFO  - jmeter.engine.StandardJMeterEngine: Waiting for thread group: 登录 to finish before starting next group 
2018/07/06 12:56:26 INFO  - jmeter.threads.JMeterThread: Thread started: 登录 1-1 
2018/07/06 12:56:26 INFO  - jmeter.protocol.http.sampler.HTTPHCAbstractImpl: Local host = MS-20180330SARF 
2018/07/06 12:56:26 INFO  - jmeter.protocol.http.sampler.HTTPHC4Impl: HTTP request retry count = 0 
2018/07/06 12:56:26 INFO  - jmeter.samplers.SampleResult: Note: Sample TimeStamps are START times 
2018/07/06 12:56:26 INFO  - jmeter.samplers.SampleResult: sampleresult.default.encoding is set to UTF-8 
2018/07/06 12:56:26 INFO  - jmeter.samplers.SampleResult: sampleresult.useNanoTime=true 
2018/07/06 12:56:26 INFO  - jmeter.samplers.SampleResult: sampleresult.nanoThreadSleep=5000 
2018/07/06 12:56:26 INFO  - jmeter.util.BeanShellTestElement: --------获取token-------- 
2018/07/06 12:56:26 INFO  - jmeter.util.BeanShellTestElement: ~~~~~~~~~~~~获取token成功，token值为：sayrentelzutmzcjxrjcyfjlzqoyjruwlhvdhvgkjmitfpykoayjwhqtocwyqsin~~~~~~~~~~~~~~~~~ 
2018/07/06 12:56:26 INFO  - jmeter.threads.JMeterThread: Thread is done: 登录 1-1 
2018/07/06 12:56:26 INFO  - jmeter.threads.JMeterThread: Thread finished: 登录 1-1 
2018/07/06 12:56:26 INFO  - jmeter.engine.StandardJMeterEngine: Starting ThreadGroup: 2 : 修改配载保存（allot.edit） 
2018/07/06 12:56:26 INFO  - jmeter.engine.StandardJMeterEngine: Starting 1 threads for group 修改配载保存（allot.edit）. 
2018/07/06 12:56:26 INFO  - jmeter.engine.StandardJMeterEngine: Thread will continue on error 
2018/07/06 12:56:26 INFO  - jmeter.threads.ThreadGroup: Starting thread group number 2 threads 1 ramp-up 1 perThread 1000.0 delayedStart=false 
2018/07/06 12:56:26 INFO  - jmeter.threads.ThreadGroup: Started thread group number 2 
2018/07/06 12:56:26 INFO  - jmeter.engine.StandardJMeterEngine: All thread groups have been started 
2018/07/06 12:56:26 INFO  - jmeter.threads.JMeterThread: Thread started: 修改配载保存（allot.edit） 2-1 
2018/07/06 12:56:26 INFO  - jmeter.services.FileServer: Stored: ..\resources\配载_开单.csv 
2018/07/06 12:56:27 INFO  - jmeter.util.BeanShellTestElement: --------获取orderNum-------- 
2018/07/06 12:56:27 INFO  - jmeter.util.BeanShellTestElement: ~~~~~~~~~~~~获取orderNum成功，orderNum值为：3518070600001~~~~~~~~~~~~~~~~~ 
2018/07/06 12:56:27 INFO  - jmeter.services.FileServer: Stored: ..\resources\配载_保存.csv 
2018/07/06 12:56:30 INFO  - jmeter.reporters.Summariser: summary +      5 in 00:00:04 =    1.2/s Avg:   733 Min:     0 Max:  1743 Err:     0 (0.00%) Active: 1 Started: 2 Finished: 1 
2018/07/06 12:56:30 INFO  - jmeter.util.BeanShellTestElement: --------查询批次号-------- 
2018/07/06 12:56:30 INFO  - jmeter.util.BeanShellTestElement: ~~~~~~~~~~~~配载成功，批次号=PC18070612560001~~对应运单号：3518070600001~~~~~~~~~~~~~~~~~ 
2018/07/06 12:56:30 INFO  - jmeter.services.FileServer: Stored: ..\resources\修改配载保存.csv 
2018/07/06 12:56:30 INFO  - jmeter.util.BeanShellTestElement: --------查询批次号-------- 
2018/07/06 12:56:30 INFO  - jmeter.util.BeanShellTestElement: ~~~~~~~~~~~~配载修改成功，且修改后各字段校验正确，修改后字段如下：~~~~~~~~~~~~~~~~~ 
2018/07/06 12:56:30 INFO  - jmeter.util.BeanShellTestElement: ~~~~~~~~~~~~truckId：10453~~~~~~~~~~~~~~~~~ 
2018/07/06 12:56:30 INFO  - jmeter.util.BeanShellTestElement: ~~~~~~~~~~~~paidFee：11~~~~~~~~~~~~~~~~~ 
2018/07/06 12:56:30 INFO  - jmeter.util.BeanShellTestElement: ~~~~~~~~~~~~collectFee：22~~~~~~~~~~~~~~~~~ 
2018/07/06 12:56:30 INFO  - jmeter.util.BeanShellTestElement: ~~~~~~~~~~~~returnFreight：33~~~~~~~~~~~~~~~~~ 
2018/07/06 12:56:30 INFO  - jmeter.util.BeanShellTestElement: --------获取orderNum-------- 
2018/07/06 12:56:30 INFO  - jmeter.util.BeanShellTestElement: ~~~~~~~~~~~~获取orderNum成功，orderNum值为：3518070600002~~~~~~~~~~~~~~~~~ 
2018/07/06 12:56:30 INFO  - jmeter.util.BeanShellTestElement: --------查询批次号-------- 
2018/07/06 12:56:30 INFO  - jmeter.util.BeanShellTestElement: ~~~~~~~~~~~~配载成功，批次号=PC18070612560002~~对应运单号：3518070600002~~~~~~~~~~~~~~~~~ 
2018/07/06 12:56:31 INFO  - jmeter.util.BeanShellTestElement: --------查询批次号-------- 
2018/07/06 12:56:31 INFO  - jmeter.util.BeanShellTestElement: ~~~~~~~~~~~~配载修改失败，失败原因：所选车辆批次已发车，不能再做调整~~~~~~~~~~~~~~~~~ 
2018/07/06 12:56:31 INFO  - jmeter.util.BeanShellTestElement: --------获取orderNum-------- 
2018/07/06 12:56:31 INFO  - jmeter.util.BeanShellTestElement: ~~~~~~~~~~~~获取orderNum成功，orderNum值为：3518070600003~~~~~~~~~~~~~~~~~ 
2018/07/06 12:56:31 INFO  - jmeter.util.BeanShellTestElement: --------查询批次号-------- 
2018/07/06 12:56:31 INFO  - jmeter.util.BeanShellTestElement: ~~~~~~~~~~~~配载成功，批次号=PC18070612560003~~对应运单号：3518070600003~~~~~~~~~~~~~~~~~ 
2018/07/06 12:56:31 INFO  - jmeter.util.BeanShellTestElement: --------查询批次号-------- 
2018/07/06 12:56:31 INFO  - jmeter.util.BeanShellTestElement: ~~~~~~~~~~~~配载修改失败，失败原因：您操作的批次不存在~~~~~~~~~~~~~~~~~ 
2018/07/06 12:56:32 INFO  - jmeter.util.BeanShellTestElement: --------获取orderNum-------- 
2018/07/06 12:56:32 INFO  - jmeter.util.BeanShellTestElement: ~~~~~~~~~~~~获取orderNum成功，orderNum值为：3518070600004~~~~~~~~~~~~~~~~~ 
2018/07/06 12:56:32 INFO  - jmeter.util.BeanShellTestElement: --------查询批次号-------- 
2018/07/06 12:56:32 INFO  - jmeter.util.BeanShellTestElement: ~~~~~~~~~~~~配载成功，批次号=PC18070612560004~~对应运单号：3518070600004~~~~~~~~~~~~~~~~~ 
2018/07/06 12:56:32 INFO  - jmeter.threads.JMeterThread: Stop Thread seen for thread 修改配载保存（allot.edit） 2-1, reason:org.apache.jorphan.util.JMeterStopThreadException: End of file:..\resources\修改配载保存.csv detected for CSV DataSet:修改配载保存数据 configured with stopThread:true, recycle:false 
2018/07/06 12:56:32 INFO  - jmeter.threads.JMeterThread: Thread finished: 修改配载保存（allot.edit） 2-1 
2018/07/06 12:56:32 INFO  - jmeter.engine.StandardJMeterEngine: Notifying test listeners of end of test 
2018/07/06 12:56:32 INFO  - jmeter.services.FileServer: Close: ..\resources\修改配载保存.csv 
2018/07/06 12:56:32 INFO  - jmeter.services.FileServer: Close: ..\resources\配载_开单.csv 
2018/07/06 12:56:32 INFO  - jmeter.services.FileServer: Close: ..\resources\配载_保存.csv 
2018/07/06 12:56:32 INFO  - jmeter.reporters.Summariser: summary +     21 in 00:00:02 =    8.9/s Avg:   104 Min:    14 Max:   295 Err:     0 (0.00%) Active: 0 Started: 2 Finished: 2 
2018/07/06 12:56:32 INFO  - jmeter.reporters.Summariser: summary =     26 in 00:00:07 =    4.0/s Avg:   225 Min:     0 Max:  1743 Err:     0 (0.00%) 
